# JRE version: OpenJDK Runtime Environment (21.0.8) (build 21.0.8+-14018985-b1038.68)
# Java VM: OpenJDK 64-Bit Server VM (21.0.8+-14018985-b1038.68, mixed mode, tiered, compressed oops, compressed class ptrs, g1 gc, windows-amd64)
GC Precious Log:
 CardTable entry size: 512
 Card Set container configuration: InlinePtr #cards 5 size 8 Array Of Cards #cards 12 size 40 Howl #buckets 4 coarsen threshold 1843 Howl Bitmap #cards 512 size 80 coarsen threshold 460 Card regions per heap region 1 cards per card region 2048
 CPUs: 12 total, 12 available
 Memory: 15571M
 Large Page Support: Disabled
 NUMA Support: Disabled
 Compressed Oops: Enabled (32-bit)
 Heap Region Size: 1M
 Heap Min Capacity: 8M
 Heap Initial Capacity: 244M
 Heap Max Capacity: 2G
 Pre-touch: Disabled
 Parallel Workers: 10
 Concurrent Workers: 3
 Concurrent Refinement Workers: 10
 Periodic GC: Disabled
Heap:
 garbage-first heap   total 263168K, used 194207K [0x0000000080000000, 0x0000000100000000)
  region size 1024K, 46 young (47104K), 9 survivors (9216K)
 Metaspace       used 111031K, committed 113024K, reserved 1179648K
  class space    used 15474K, committed 16448K, reserved 1048576K
GC Heap History (20 events):
Event: 9.839 GC heap before
{Heap before GC invocations=28 (full 0):
 garbage-first heap   total 167936K, used 151985K [0x0000000080000000, 0x0000000100000000)
  region size 1024K, 55 young (56320K), 6 survivors (6144K)
 Metaspace       used 75712K, committed 77440K, reserved 1179648K
  class space    used 10667K, committed 11520K, reserved 1048576K
}
Event: 9.847 GC heap after
{Heap after GC invocations=29 (full 0):
 garbage-first heap   total 167936K, used 102633K [0x0000000080000000, 0x0000000100000000)
  region size 1024K, 6 young (6144K), 6 survivors (6144K)
 Metaspace       used 75712K, committed 77440K, reserved 1179648K
  class space    used 10667K, committed 11520K, reserved 1048576K
}
Event: 10.619 GC heap before
{Heap before GC invocations=29 (full 0):
 garbage-first heap   total 167936K, used 151785K [0x0000000080000000, 0x0000000100000000)
  region size 1024K, 54 young (55296K), 6 survivors (6144K)
 Metaspace       used 80658K, committed 82432K, reserved 1179648K
  class space    used 11469K, committed 12352K, reserved 1048576K
}
Event: 10.625 GC heap after
{Heap after GC invocations=30 (full 0):
 garbage-first heap   total 167936K, used 106078K [0x0000000080000000, 0x0000000100000000)
  region size 1024K, 6 young (6144K), 6 survivors (6144K)
 Metaspace       used 80658K, committed 82432K, reserved 1179648K
  class space    used 11469K, committed 12352K, reserved 1048576K
}
Event: 11.167 GC heap before
{Heap before GC invocations=31 (full 0):
 garbage-first heap   total 179200K, used 149086K [0x0000000080000000, 0x0000000100000000)
  region size 1024K, 49 young (50176K), 6 survivors (6144K)
 Metaspace       used 81317K, committed 83072K, reserved 1179648K
  class space    used 11501K, committed 12352K, reserved 1048576K
}
Event: 11.173 GC heap after
{Heap after GC invocations=32 (full 0):
 garbage-first heap   total 179200K, used 110883K [0x0000000080000000, 0x0000000100000000)
  region size 1024K, 7 young (7168K), 7 survivors (7168K)
 Metaspace       used 81317K, committed 83072K, reserved 1179648K
  class space    used 11501K, committed 12352K, reserved 1048576K
}
Event: 11.329 GC heap before
{Heap before GC invocations=32 (full 0):
 garbage-first heap   total 179200K, used 160035K [0x0000000080000000, 0x0000000100000000)
  region size 1024K, 56 young (57344K), 7 survivors (7168K)
 Metaspace       used 81563K, committed 83328K, reserved 1179648K
  class space    used 11501K, committed 12352K, reserved 1048576K
}
Event: 11.335 GC heap after
{Heap after GC invocations=33 (full 0):
 garbage-first heap   total 179200K, used 113254K [0x0000000080000000, 0x0000000100000000)
  region size 1024K, 4 young (4096K), 4 survivors (4096K)
 Metaspace       used 81563K, committed 83328K, reserved 1179648K
  class space    used 11501K, committed 12352K, reserved 1048576K
}
Event: 11.566 GC heap before
{Heap before GC invocations=33 (full 0):
 garbage-first heap   total 179200K, used 160358K [0x0000000080000000, 0x0000000100000000)
  region size 1024K, 52 young (53248K), 4 survivors (4096K)
 Metaspace       used 81733K, committed 83520K, reserved 1179648K
  class space    used 11521K, committed 12416K, reserved 1048576K
}
Event: 11.570 GC heap after
{Heap after GC invocations=34 (full 0):
 garbage-first heap   total 179200K, used 114469K [0x0000000080000000, 0x0000000100000000)
  region size 1024K, 6 young (6144K), 6 survivors (6144K)
 Metaspace       used 81733K, committed 83520K, reserved 1179648K
  class space    used 11521K, committed 12416K, reserved 1048576K
}
Event: 12.275 GC heap before
{Heap before GC invocations=35 (full 0):
 garbage-first heap   total 203776K, used 173861K [0x0000000080000000, 0x0000000100000000)
  region size 1024K, 51 young (52224K), 6 survivors (6144K)
 Metaspace       used 84571K, committed 86464K, reserved 1179648K
  class space    used 11876K, committed 12800K, reserved 1048576K
}
Event: 12.280 GC heap after
{Heap after GC invocations=36 (full 0):
 garbage-first heap   total 245760K, used 135614K [0x0000000080000000, 0x0000000100000000)
  region size 1024K, 7 young (7168K), 7 survivors (7168K)
 Metaspace       used 84571K, committed 86464K, reserved 1179648K
  class space    used 11876K, committed 12800K, reserved 1048576K
}
Event: 13.303 GC heap before
{Heap before GC invocations=36 (full 0):
 garbage-first heap   total 245760K, used 207294K [0x0000000080000000, 0x0000000100000000)
  region size 1024K, 77 young (78848K), 7 survivors (7168K)
 Metaspace       used 92023K, committed 93952K, reserved 1179648K
  class space    used 12795K, committed 13760K, reserved 1048576K
}
Event: 13.310 GC heap after
{Heap after GC invocations=37 (full 0):
 garbage-first heap   total 245760K, used 138280K [0x0000000080000000, 0x0000000100000000)
  region size 1024K, 4 young (4096K), 4 survivors (4096K)
 Metaspace       used 92023K, committed 93952K, reserved 1179648K
  class space    used 12795K, committed 13760K, reserved 1048576K
}
Event: 14.340 GC heap before
{Heap before GC invocations=37 (full 0):
 garbage-first heap   total 245760K, used 220200K [0x0000000080000000, 0x0000000100000000)
  region size 1024K, 80 young (81920K), 4 survivors (4096K)
 Metaspace       used 97901K, committed 99904K, reserved 1179648K
  class space    used 13558K, committed 14528K, reserved 1048576K
}
Event: 14.347 GC heap after
{Heap after GC invocations=38 (full 0):
 garbage-first heap   total 245760K, used 145443K [0x0000000080000000, 0x0000000100000000)
  region size 1024K, 10 young (10240K), 10 survivors (10240K)
 Metaspace       used 97901K, committed 99904K, reserved 1179648K
  class space    used 13558K, committed 14528K, reserved 1048576K
}
Event: 15.423 GC heap before
{Heap before GC invocations=38 (full 0):
 garbage-first heap   total 245760K, used 220195K [0x0000000080000000, 0x0000000100000000)
  region size 1024K, 80 young (81920K), 10 survivors (10240K)
 Metaspace       used 104521K, committed 106496K, reserved 1179648K
  class space    used 14469K, committed 15424K, reserved 1048576K
}
Event: 15.430 GC heap after
{Heap after GC invocations=39 (full 0):
 garbage-first heap   total 245760K, used 151975K [0x0000000080000000, 0x0000000100000000)
  region size 1024K, 4 young (4096K), 4 survivors (4096K)
 Metaspace       used 104521K, committed 106496K, reserved 1179648K
  class space    used 14469K, committed 15424K, reserved 1048576K
}
Event: 16.454 GC heap before
{Heap before GC invocations=39 (full 0):
 garbage-first heap   total 245760K, used 222631K [0x0000000080000000, 0x0000000100000000)
  region size 1024K, 73 young (74752K), 4 survivors (4096K)
 Metaspace       used 108451K, committed 110464K, reserved 1179648K
  class space    used 15022K, committed 16000K, reserved 1048576K
}
Event: 16.460 GC heap after
{Heap after GC invocations=40 (full 0):
 garbage-first heap   total 245760K, used 156319K [0x0000000080000000, 0x0000000100000000)
  region size 1024K, 9 young (9216K), 9 survivors (9216K)
 Metaspace       used 108451K, committed 110464K, reserved 1179648K
  class space    used 15022K, committed 16000K, reserved 1048576K
}

