# JRE version: OpenJDK Runtime Environment (21.0.8) (build 21.0.8+-14018985-b1038.68)
# Java VM: OpenJDK 64-Bit Server VM (21.0.8+-14018985-b1038.68, mixed mode, tiered, compressed oops, compressed class ptrs, g1 gc, windows-amd64)
GC Precious Log:
 CardTable entry size: 512
 Card Set container configuration: InlinePtr #cards 5 size 8 Array Of Cards #cards 12 size 40 Howl #buckets 4 coarsen threshold 1843 Howl Bitmap #cards 512 size 80 coarsen threshold 460 Card regions per heap region 1 cards per card region 2048
 CPUs: 12 total, 12 available
 Memory: 15571M
 Large Page Support: Disabled
 NUMA Support: Disabled
 Compressed Oops: Enabled (32-bit)
 Heap Region Size: 1M
 Heap Min Capacity: 8M
 Heap Initial Capacity: 244M
 Heap Max Capacity: 2G
 Pre-touch: Disabled
 Parallel Workers: 10
 Concurrent Workers: 3
 Concurrent Refinement Workers: 10
 Periodic GC: Disabled
Heap:
 garbage-first heap   total 280576K, used 253435K [0x0000000080000000, 0x0000000100000000)
  region size 1024K, 88 young (90112K), 11 survivors (11264K)
 Metaspace       used 128503K, committed 130816K, reserved 1179648K
  class space    used 17761K, committed 18880K, reserved 1048576K
GC Heap History (20 events):
Event: 12.586 GC heap before
{Heap before GC invocations=36 (full 0):
 garbage-first heap   total 202752K, used 182370K [0x0000000080000000, 0x0000000100000000)
  region size 1024K, 55 young (56320K), 8 survivors (8192K)
 Metaspace       used 88548K, committed 90368K, reserved 1179648K
  class space    used 12259K, committed 13120K, reserved 1048576K
}
Event: 12.592 GC heap after
{Heap after GC invocations=37 (full 0):
 garbage-first heap   total 202752K, used 135957K [0x0000000080000000, 0x0000000100000000)
  region size 1024K, 2 young (2048K), 2 survivors (2048K)
 Metaspace       used 88548K, committed 90368K, reserved 1179648K
  class space    used 12259K, committed 13120K, reserved 1048576K
}
Event: 13.304 GC heap before
{Heap before GC invocations=38 (full 0):
 garbage-first heap   total 229376K, used 192277K [0x0000000080000000, 0x0000000100000000)
  region size 1024K, 52 young (53248K), 2 survivors (2048K)
 Metaspace       used 93144K, committed 95168K, reserved 1179648K
  class space    used 12927K, committed 13888K, reserved 1048576K
}
Event: 13.310 GC heap after
{Heap after GC invocations=39 (full 0):
 garbage-first heap   total 229376K, used 142586K [0x0000000080000000, 0x0000000100000000)
  region size 1024K, 7 young (7168K), 7 survivors (7168K)
 Metaspace       used 93144K, committed 95168K, reserved 1179648K
  class space    used 12927K, committed 13888K, reserved 1048576K
}
Event: 14.171 GC heap before
{Heap before GC invocations=39 (full 0):
 garbage-first heap   total 229376K, used 209146K [0x0000000080000000, 0x0000000100000000)
  region size 1024K, 72 young (73728K), 7 survivors (7168K)
 Metaspace       used 98475K, committed 100480K, reserved 1179648K
  class space    used 13635K, committed 14592K, reserved 1048576K
}
Event: 14.178 GC heap after
{Heap after GC invocations=40 (full 0):
 garbage-first heap   total 229376K, used 145504K [0x0000000080000000, 0x0000000100000000)
  region size 1024K, 4 young (4096K), 4 survivors (4096K)
 Metaspace       used 98475K, committed 100480K, reserved 1179648K
  class space    used 13635K, committed 14592K, reserved 1048576K
}
Event: 15.142 GC heap before
{Heap before GC invocations=40 (full 0):
 garbage-first heap   total 229376K, used 215136K [0x0000000080000000, 0x0000000100000000)
  region size 1024K, 69 young (70656K), 4 survivors (4096K)
 Metaspace       used 104368K, committed 106368K, reserved 1179648K
  class space    used 14457K, committed 15424K, reserved 1048576K
}
Event: 15.149 GC heap after
{Heap after GC invocations=41 (full 0):
 garbage-first heap   total 229376K, used 150673K [0x0000000080000000, 0x0000000100000000)
  region size 1024K, 6 young (6144K), 6 survivors (6144K)
 Metaspace       used 104368K, committed 106368K, reserved 1179648K
  class space    used 14457K, committed 15424K, reserved 1048576K
}
Event: 15.940 GC heap before
{Heap before GC invocations=41 (full 0):
 garbage-first heap   total 229376K, used 210065K [0x0000000080000000, 0x0000000100000000)
  region size 1024K, 64 young (65536K), 6 survivors (6144K)
 Metaspace       used 107575K, committed 109568K, reserved 1179648K
  class space    used 14882K, committed 15872K, reserved 1048576K
}
Event: 15.948 GC heap after
{Heap after GC invocations=42 (full 0):
 garbage-first heap   total 229376K, used 155376K [0x0000000080000000, 0x0000000100000000)
  region size 1024K, 8 young (8192K), 8 survivors (8192K)
 Metaspace       used 107575K, committed 109568K, reserved 1179648K
  class space    used 14882K, committed 15872K, reserved 1048576K
}
Event: 16.707 GC heap before
{Heap before GC invocations=43 (full 0):
 garbage-first heap   total 261120K, used 206576K [0x0000000080000000, 0x0000000100000000)
  region size 1024K, 57 young (58368K), 8 survivors (8192K)
 Metaspace       used 111214K, committed 113344K, reserved 1179648K
  class space    used 15491K, committed 16512K, reserved 1048576K
}
Event: 16.714 GC heap after
{Heap after GC invocations=44 (full 0):
 garbage-first heap   total 261120K, used 156624K [0x0000000080000000, 0x0000000100000000)
  region size 1024K, 6 young (6144K), 6 survivors (6144K)
 Metaspace       used 111214K, committed 113344K, reserved 1179648K
  class space    used 15491K, committed 16512K, reserved 1048576K
}
Event: 17.866 GC heap before
{Heap before GC invocations=44 (full 0):
 garbage-first heap   total 261120K, used 238544K [0x0000000080000000, 0x0000000100000000)
  region size 1024K, 87 young (89088K), 6 survivors (6144K)
 Metaspace       used 117226K, committed 119424K, reserved 1179648K
  class space    used 16408K, committed 17472K, reserved 1048576K
}
Event: 17.876 GC heap after
{Heap after GC invocations=45 (full 0):
 garbage-first heap   total 261120K, used 158789K [0x0000000080000000, 0x0000000100000000)
  region size 1024K, 10 young (10240K), 10 survivors (10240K)
 Metaspace       used 117226K, committed 119424K, reserved 1179648K
  class space    used 16408K, committed 17472K, reserved 1048576K
}
Event: 18.102 GC heap before
{Heap before GC invocations=45 (full 0):
 garbage-first heap   total 261120K, used 172101K [0x0000000080000000, 0x0000000100000000)
  region size 1024K, 24 young (24576K), 10 survivors (10240K)
 Metaspace       used 118133K, committed 120320K, reserved 1179648K
  class space    used 16481K, committed 17536K, reserved 1048576K
}
Event: 18.112 GC heap after
{Heap after GC invocations=46 (full 0):
 garbage-first heap   total 261120K, used 162427K [0x0000000080000000, 0x0000000100000000)
  region size 1024K, 9 young (9216K), 9 survivors (9216K)
 Metaspace       used 118133K, committed 120320K, reserved 1179648K
  class space    used 16481K, committed 17536K, reserved 1048576K
}
Event: 19.415 GC heap before
{Heap before GC invocations=47 (full 0):
 garbage-first heap   total 280576K, used 243323K [0x0000000080000000, 0x0000000100000000)
  region size 1024K, 81 young (82944K), 9 survivors (9216K)
 Metaspace       used 124346K, committed 126592K, reserved 1179648K
  class space    used 17290K, committed 18368K, reserved 1048576K
}
Event: 19.428 GC heap after
{Heap after GC invocations=48 (full 0):
 garbage-first heap   total 280576K, used 170160K [0x0000000080000000, 0x0000000100000000)
  region size 1024K, 10 young (10240K), 10 survivors (10240K)
 Metaspace       used 124346K, committed 126592K, reserved 1179648K
  class space    used 17290K, committed 18368K, reserved 1048576K
}
Event: 20.422 GC heap before
{Heap before GC invocations=48 (full 0):
 garbage-first heap   total 280576K, used 254128K [0x0000000080000000, 0x0000000100000000)
  region size 1024K, 92 young (94208K), 10 survivors (10240K)
 Metaspace       used 124347K, committed 126592K, reserved 1179648K
  class space    used 17290K, committed 18368K, reserved 1048576K
}
Event: 20.433 GC heap after
{Heap after GC invocations=49 (full 0):
 garbage-first heap   total 280576K, used 174587K [0x0000000080000000, 0x0000000100000000)
  region size 1024K, 11 young (11264K), 11 survivors (11264K)
 Metaspace       used 124347K, committed 126592K, reserved 1179648K
  class space    used 17290K, committed 18368K, reserved 1048576K
}

