# JRE version: OpenJDK Runtime Environment (21.0.8) (build 21.0.8+-14018985-b1038.68)
# Java VM: OpenJDK 64-Bit Server VM (21.0.8+-14018985-b1038.68, mixed mode, tiered, compressed oops, compressed class ptrs, g1 gc, windows-amd64)
GC Precious Log:
 CardTable entry size: 512
 Card Set container configuration: InlinePtr #cards 5 size 8 Array Of Cards #cards 12 size 40 Howl #buckets 4 coarsen threshold 1843 Howl Bitmap #cards 512 size 80 coarsen threshold 460 Card regions per heap region 1 cards per card region 2048
 CPUs: 12 total, 12 available
 Memory: 15571M
 Large Page Support: Disabled
 NUMA Support: Disabled
 Compressed Oops: Enabled (32-bit)
 Heap Region Size: 1M
 Heap Min Capacity: 8M
 Heap Initial Capacity: 244M
 Heap Max Capacity: 2G
 Pre-touch: Disabled
 Parallel Workers: 10
 Concurrent Workers: 3
 Concurrent Refinement Workers: 10
 Periodic GC: Disabled
Heap:
 garbage-first heap   total 301056K, used 215480K [0x0000000080000000, 0x0000000100000000)
  region size 1024K, 17 young (17408K), 5 survivors (5120K)
 Metaspace       used 153430K, committed 155904K, reserved 1245184K
  class space    used 20376K, committed 21568K, reserved 1048576K
GC Heap History (20 events):
Event: 13.509 GC heap before
{Heap before GC invocations=37 (full 0):
 garbage-first heap   total 236544K, used 142464K [0x0000000080000000, 0x0000000100000000)
  region size 1024K, 14 young (14336K), 7 survivors (7168K)
 Metaspace       used 98530K, committed 100480K, reserved 1179648K
  class space    used 14072K, committed 14976K, reserved 1048576K
}
Event: 13.515 GC heap after
{Heap after GC invocations=38 (full 0):
 garbage-first heap   total 236544K, used 131868K [0x0000000080000000, 0x0000000100000000)
  region size 1024K, 3 young (3072K), 3 survivors (3072K)
 Metaspace       used 98530K, committed 100480K, reserved 1179648K
  class space    used 14072K, committed 14976K, reserved 1048576K
}
Event: 13.845 GC heap before
{Heap before GC invocations=39 (full 0):
 garbage-first heap   total 236544K, used 196380K [0x0000000080000000, 0x0000000100000000)
  region size 1024K, 59 young (60416K), 3 survivors (3072K)
 Metaspace       used 98533K, committed 100480K, reserved 1179648K
  class space    used 14072K, committed 14976K, reserved 1048576K
}
Event: 13.856 GC heap after
{Heap after GC invocations=40 (full 0):
 garbage-first heap   total 236544K, used 148480K [0x0000000080000000, 0x0000000100000000)
  region size 1024K, 8 young (8192K), 8 survivors (8192K)
 Metaspace       used 98533K, committed 100480K, reserved 1179648K
  class space    used 14072K, committed 14976K, reserved 1048576K
}
Event: 14.492 GC heap before
{Heap before GC invocations=40 (full 0):
 garbage-first heap   total 236544K, used 212992K [0x0000000080000000, 0x0000000100000000)
  region size 1024K, 56 young (57344K), 8 survivors (8192K)
 Metaspace       used 102741K, committed 104512K, reserved 1179648K
  class space    used 14577K, committed 15424K, reserved 1048576K
}
Event: 14.503 GC heap after
{Heap after GC invocations=41 (full 0):
 garbage-first heap   total 236544K, used 168155K [0x0000000080000000, 0x0000000100000000)
  region size 1024K, 7 young (7168K), 7 survivors (7168K)
 Metaspace       used 102741K, committed 104512K, reserved 1179648K
  class space    used 14577K, committed 15424K, reserved 1048576K
}
Event: 15.015 GC heap before
{Heap before GC invocations=41 (full 0):
 garbage-first heap   total 236544K, used 208091K [0x0000000080000000, 0x0000000100000000)
  region size 1024K, 46 young (47104K), 7 survivors (7168K)
 Metaspace       used 107258K, committed 109120K, reserved 1179648K
  class space    used 15009K, committed 15872K, reserved 1048576K
}
Event: 15.021 GC heap after
{Heap after GC invocations=42 (full 0):
 garbage-first heap   total 236544K, used 171378K [0x0000000080000000, 0x0000000100000000)
  region size 1024K, 4 young (4096K), 4 survivors (4096K)
 Metaspace       used 107258K, committed 109120K, reserved 1179648K
  class space    used 15009K, committed 15872K, reserved 1048576K
}
Event: 15.518 GC heap before
{Heap before GC invocations=43 (full 0):
 garbage-first heap   total 288768K, used 211314K [0x0000000080000000, 0x0000000100000000)
  region size 1024K, 43 young (44032K), 4 survivors (4096K)
 Metaspace       used 112259K, committed 114432K, reserved 1179648K
  class space    used 15662K, committed 16704K, reserved 1048576K
}
Event: 15.523 GC heap after
{Heap after GC invocations=44 (full 0):
 garbage-first heap   total 288768K, used 173182K [0x0000000080000000, 0x0000000100000000)
  region size 1024K, 5 young (5120K), 5 survivors (5120K)
 Metaspace       used 112259K, committed 114432K, reserved 1179648K
  class space    used 15662K, committed 16704K, reserved 1048576K
}
Event: 16.418 GC heap before
{Heap before GC invocations=44 (full 0):
 garbage-first heap   total 288768K, used 246910K [0x0000000080000000, 0x0000000100000000)
  region size 1024K, 76 young (77824K), 5 survivors (5120K)
 Metaspace       used 120755K, committed 123008K, reserved 1179648K
  class space    used 16750K, committed 17856K, reserved 1048576K
}
Event: 16.426 GC heap after
{Heap after GC invocations=45 (full 0):
 garbage-first heap   total 288768K, used 176346K [0x0000000080000000, 0x0000000100000000)
  region size 1024K, 10 young (10240K), 10 survivors (10240K)
 Metaspace       used 120755K, committed 123008K, reserved 1179648K
  class space    used 16750K, committed 17856K, reserved 1048576K
}
Event: 17.181 GC heap before
{Heap before GC invocations=45 (full 0):
 garbage-first heap   total 288768K, used 252122K [0x0000000080000000, 0x0000000100000000)
  region size 1024K, 84 young (86016K), 10 survivors (10240K)
 Metaspace       used 126187K, committed 128448K, reserved 1179648K
  class space    used 17378K, committed 18496K, reserved 1048576K
}
Event: 17.190 GC heap after
{Heap after GC invocations=46 (full 0):
 garbage-first heap   total 288768K, used 180008K [0x0000000080000000, 0x0000000100000000)
  region size 1024K, 9 young (9216K), 9 survivors (9216K)
 Metaspace       used 126187K, committed 128448K, reserved 1179648K
  class space    used 17378K, committed 18496K, reserved 1048576K
}
Event: 18.239 GC heap before
{Heap before GC invocations=47 (full 0):
 garbage-first heap   total 301056K, used 260904K [0x0000000080000000, 0x0000000100000000)
  region size 1024K, 88 young (90112K), 9 survivors (9216K)
 Metaspace       used 137631K, committed 139904K, reserved 1179648K
  class space    used 18569K, committed 19712K, reserved 1048576K
}
Event: 18.252 GC heap after
{Heap after GC invocations=48 (full 0):
 garbage-first heap   total 301056K, used 184780K [0x0000000080000000, 0x0000000100000000)
  region size 1024K, 9 young (9216K), 9 survivors (9216K)
 Metaspace       used 137631K, committed 139904K, reserved 1179648K
  class space    used 18569K, committed 19712K, reserved 1048576K
}
Event: 19.435 GC heap before
{Heap before GC invocations=48 (full 0):
 garbage-first heap   total 301056K, used 272844K [0x0000000080000000, 0x0000000100000000)
  region size 1024K, 90 young (92160K), 9 survivors (9216K)
 Metaspace       used 145728K, committed 148160K, reserved 1179648K
  class space    used 19434K, committed 20608K, reserved 1048576K
}
Event: 19.444 GC heap after
{Heap after GC invocations=49 (full 0):
 garbage-first heap   total 301056K, used 195132K [0x0000000080000000, 0x0000000100000000)
  region size 1024K, 12 young (12288K), 12 survivors (12288K)
 Metaspace       used 145728K, committed 148160K, reserved 1179648K
  class space    used 19434K, committed 20608K, reserved 1048576K
}
Event: 20.395 GC heap before
{Heap before GC invocations=49 (full 0):
 garbage-first heap   total 301056K, used 258620K [0x0000000080000000, 0x0000000100000000)
  region size 1024K, 75 young (76800K), 12 survivors (12288K)
 Metaspace       used 153357K, committed 155776K, reserved 1245184K
  class space    used 20366K, committed 21504K, reserved 1048576K
}
Event: 20.403 GC heap after
{Heap after GC invocations=50 (full 0):
 garbage-first heap   total 301056K, used 199096K [0x0000000080000000, 0x0000000100000000)
  region size 1024K, 5 young (5120K), 5 survivors (5120K)
 Metaspace       used 153357K, committed 155776K, reserved 1245184K
  class space    used 20366K, committed 21504K, reserved 1048576K
}

